
> flowise-embed@1.2.1 build /home/panda/projects/mynerds/flows/packages/js-sdk
> rollup --config rollup.config.js

[36m
[1msrc/constants.ts[22m → [1mdist/constants.js[22m...[39m
[32mcreated [1mdist/constants.js[22m in [1m3.2s[22m[39m
[36m
[1msrc/env.d.ts[22m → [1mdist/env.d.js[22m...[39m
[1m[33m(!) Generated an empty chunk[39m[22m
"env.d"
[32mcreated [1mdist/env.d.js[22m in [1m2.2s[22m[39m
[36m
[1msrc/global.d.ts[22m → [1mdist/global.d.js[22m...[39m
[1m[33m(!) Generated an empty chunk[39m[22m
"global.d"
[32mcreated [1mdist/global.d.js[22m in [1m2.1s[22m[39m
[36m
[1msrc/index.ts[22m → [1mdist/index.js[22m...[39m
[1m[33m(!) Generated an empty chunk[39m[22m
"index"
[32mcreated [1mdist/index.js[22m in [1m2s[22m[39m
[36m
[1msrc/types.ts[22m → [1mdist/types.js[22m...[39m
[1m[33m(!) Generated an empty chunk[39m[22m
"types"
[32mcreated [1mdist/types.js[22m in [1m2s[22m[39m
[36m
[1msrc/web.ts[22m → [1mdist/web.js[22m...[39m
[32mcreated [1mdist/web.js[22m in [1m6.5s[22m[39m
[36m
[1msrc/window.ts[22m → [1mdist/window.js[22m...[39m
[32mcreated [1mdist/window.js[22m in [1m2s[22m[39m
